# JRE version: Java(TM) SE Runtime Environment (8.0_73-b02) (build 1.8.0_73-b02)
# Java VM: Java HotSpot(TM) 64-Bit Server VM (25.73-b02 mixed mode windows-amd64 compressed oops)
Heap:
 PSYoungGen      total 516608K, used 496723K [0x00000000e0700000, 0x0000000100000000, 0x0000000100000000)
  eden space 516096K, 96% used [0x00000000e0700000,0x00000000fec14cf0,0x00000000fff00000)
  from space 512K, 0% used [0x00000000fff80000,0x00000000fff80000,0x0000000100000000)
  to   space 512K, 0% used [0x00000000fff00000,0x00000000fff00000,0x00000000fff80000)
 ParOldGen       total 40960K, used 21387K [0x00000000a1400000, 0x00000000a3c00000, 0x00000000e0700000)
  object space 40960K, 52% used [0x00000000a1400000,0x00000000a28e2f10,0x00000000a3c00000)
 Metaspace       used 24347K, capacity 25524K, committed 25728K, reserved 1071104K
  class space    used 3326K, capacity 3589K, committed 3712K, reserved 1048576K
GC Heap History (10 events):
Event: 69.922 GC heap before
{Heap before GC invocations=1505 (full 1):
 PSYoungGen      total 516608K, used 516160K [0x00000000e0700000, 0x0000000100000000, 0x0000000100000000)
  eden space 516096K, 100% used [0x00000000e0700000,0x00000000fff00000,0x00000000fff00000)
  from space 512K, 12% used [0x00000000fff00000,0x00000000fff10000,0x00000000fff80000)
  to   space 512K, 0% used [0x00000000fff80000,0x00000000fff80000,0x0000000100000000)
 ParOldGen       total 40960K, used 21363K [0x00000000a1400000, 0x00000000a3c00000, 0x00000000e0700000)
  object space 40960K, 52% used [0x00000000a1400000,0x00000000a28dcf10,0x00000000a3c00000)
 Metaspace       used 24347K, capacity 25524K, committed 25728K, reserved 1071104K
  class space    used 3326K, capacity 3589K, committed 3712K, reserved 1048576K
Event: 69.923 GC heap after
Heap after GC invocations=1505 (full 1):
 PSYoungGen      total 516608K, used 64K [0x00000000e0700000, 0x0000000100000000, 0x0000000100000000)
  eden space 516096K, 0% used [0x00000000e0700000,0x00000000e0700000,0x00000000fff00000)
  from space 512K, 12% used [0x00000000fff80000,0x00000000fff90000,0x0000000100000000)
  to   space 512K, 0% used [0x00000000fff00000,0x00000000fff00000,0x00000000fff80000)
 ParOldGen       total 40960K, used 21363K [0x00000000a1400000, 0x00000000a3c00000, 0x00000000e0700000)
  object space 40960K, 52% used [0x00000000a1400000,0x00000000a28dcf10,0x00000000a3c00000)
 Metaspace       used 24347K, capacity 25524K, committed 25728K, reserved 1071104K
  class space    used 3326K, capacity 3589K, committed 3712K, reserved 1048576K
}
Event: 69.960 GC heap before
{Heap before GC invocations=1506 (full 1):
 PSYoungGen      total 516608K, used 516160K [0x00000000e0700000, 0x0000000100000000, 0x0000000100000000)
  eden space 516096K, 100% used [0x00000000e0700000,0x00000000fff00000,0x00000000fff00000)
  from space 512K, 12% used [0x00000000fff80000,0x00000000fff90000,0x0000000100000000)
  to   space 512K, 0% used [0x00000000fff00000,0x00000000fff00000,0x00000000fff80000)
 ParOldGen       total 40960K, used 21363K [0x00000000a1400000, 0x00000000a3c00000, 0x00000000e0700000)
  object space 40960K, 52% used [0x00000000a1400000,0x00000000a28dcf10,0x00000000a3c00000)
 Metaspace       used 24347K, capacity 25524K, committed 25728K, reserved 1071104K
  class space    used 3326K, capacity 3589K, committed 3712K, reserved 1048576K
Event: 69.961 GC heap after
Heap after GC invocations=1506 (full 1):
 PSYoungGen      total 516608K, used 64K [0x00000000e0700000, 0x0000000100000000, 0x0000000100000000)
  eden space 516096K, 0% used [0x00000000e0700000,0x00000000e0700000,0x00000000fff00000)
  from space 512K, 12% used [0x00000000fff00000,0x00000000fff10000,0x00000000fff80000)
  to   space 512K, 0% used [0x00000000fff80000,0x00000000fff80000,0x0000000100000000)
 ParOldGen       total 40960K, used 21363K [0x00000000a1400000, 0x00000000a3c00000, 0x00000000e0700000)
  object space 40960K, 52% used [0x00000000a1400000,0x00000000a28dcf10,0x00000000a3c00000)
 Metaspace       used 24347K, capacity 25524K, committed 25728K, reserved 1071104K
  class space    used 3326K, capacity 3589K, committed 3712K, reserved 1048576K
}
Event: 69.998 GC heap before
{Heap before GC invocations=1507 (full 1):
 PSYoungGen      total 516608K, used 516160K [0x00000000e0700000, 0x0000000100000000, 0x0000000100000000)
  eden space 516096K, 100% used [0x00000000e0700000,0x00000000fff00000,0x00000000fff00000)
  from space 512K, 12% used [0x00000000fff00000,0x00000000fff10000,0x00000000fff80000)
  to   space 512K, 0% used [0x00000000fff80000,0x00000000fff80000,0x0000000100000000)
 ParOldGen       total 40960K, used 21363K [0x00000000a1400000, 0x00000000a3c00000, 0x00000000e0700000)
  object space 40960K, 52% used [0x00000000a1400000,0x00000000a28dcf10,0x00000000a3c00000)
 Metaspace       used 24347K, capacity 25524K, committed 25728K, reserved 1071104K
  class space    used 3326K, capacity 3589K, committed 3712K, reserved 1048576K
Event: 69.999 GC heap after
Heap after GC invocations=1507 (full 1):
 PSYoungGen      total 516608K, used 64K [0x00000000e0700000, 0x0000000100000000, 0x0000000100000000)
  eden space 516096K, 0% used [0x00000000e0700000,0x00000000e0700000,0x00000000fff00000)
  from space 512K, 12% used [0x00000000fff80000,0x00000000fff90000,0x0000000100000000)
  to   space 512K, 0% used [0x00000000fff00000,0x00000000fff00000,0x00000000fff80000)
 ParOldGen       total 40960K, used 21363K [0x00000000a1400000, 0x00000000a3c00000, 0x00000000e0700000)
  object space 40960K, 52% used [0x00000000a1400000,0x00000000a28dcf10,0x00000000a3c00000)
 Metaspace       used 24347K, capacity 25524K, committed 25728K, reserved 1071104K
  class space    used 3326K, capacity 3589K, committed 3712K, reserved 1048576K
}
Event: 70.038 GC heap before
{Heap before GC invocations=1508 (full 1):
 PSYoungGen      total 516608K, used 516160K [0x00000000e0700000, 0x0000000100000000, 0x0000000100000000)
  eden space 516096K, 100% used [0x00000000e0700000,0x00000000fff00000,0x00000000fff00000)
  from space 512K, 12% used [0x00000000fff80000,0x00000000fff90000,0x0000000100000000)
  to   space 512K, 0% used [0x00000000fff00000,0x00000000fff00000,0x00000000fff80000)
 ParOldGen       total 40960K, used 21363K [0x00000000a1400000, 0x00000000a3c00000, 0x00000000e0700000)
  object space 40960K, 52% used [0x00000000a1400000,0x00000000a28dcf10,0x00000000a3c00000)
 Metaspace       used 24347K, capacity 25524K, committed 25728K, reserved 1071104K
  class space    used 3326K, capacity 3589K, committed 3712K, reserved 1048576K
Event: 70.039 GC heap after
Heap after GC invocations=1508 (full 1):
 PSYoungGen      total 516608K, used 96K [0x00000000e0700000, 0x0000000100000000, 0x0000000100000000)
  eden space 516096K, 0% used [0x00000000e0700000,0x00000000e0700000,0x00000000fff00000)
  from space 512K, 18% used [0x00000000fff00000,0x00000000fff18000,0x00000000fff80000)
  to   space 512K, 0% used [0x00000000fff80000,0x00000000fff80000,0x0000000100000000)
 ParOldGen       total 40960K, used 21363K [0x00000000a1400000, 0x00000000a3c00000, 0x00000000e0700000)
  object space 40960K, 52% used [0x00000000a1400000,0x00000000a28dcf10,0x00000000a3c00000)
 Metaspace       used 24347K, capacity 25524K, committed 25728K, reserved 1071104K
  class space    used 3326K, capacity 3589K, committed 3712K, reserved 1048576K
}
Event: 70.078 GC heap before
{Heap before GC invocations=1509 (full 1):
 PSYoungGen      total 516608K, used 516192K [0x00000000e0700000, 0x0000000100000000, 0x0000000100000000)
  eden space 516096K, 100% used [0x00000000e0700000,0x00000000fff00000,0x00000000fff00000)
  from space 512K, 18% used [0x00000000fff00000,0x00000000fff18000,0x00000000fff80000)
  to   space 512K, 0% used [0x00000000fff80000,0x00000000fff80000,0x0000000100000000)
 ParOldGen       total 40960K, used 21363K [0x00000000a1400000, 0x00000000a3c00000, 0x00000000e0700000)
  object space 40960K, 52% used [0x00000000a1400000,0x00000000a28dcf10,0x00000000a3c00000)
 Metaspace       used 24347K, capacity 25524K, committed 25728K, reserved 1071104K
  class space    used 3326K, capacity 3589K, committed 3712K, reserved 1048576K
Event: 70.079 GC heap after
Heap after GC invocations=1509 (full 1):
 PSYoungGen      total 516608K, used 0K [0x00000000e0700000, 0x0000000100000000, 0x0000000100000000)
  eden space 516096K, 0% used [0x00000000e0700000,0x00000000e0700000,0x00000000fff00000)
  from space 512K, 0% used [0x00000000fff80000,0x00000000fff80000,0x0000000100000000)
  to   space 512K, 0% used [0x00000000fff00000,0x00000000fff00000,0x00000000fff80000)
 ParOldGen       total 40960K, used 21387K [0x00000000a1400000, 0x00000000a3c00000, 0x00000000e0700000)
  object space 40960K, 52% used [0x00000000a1400000,0x00000000a28e2f10,0x00000000a3c00000)
 Metaspace       used 24347K, capacity 25524K, committed 25728K, reserved 1071104K
  class space    used 3326K, capacity 3589K, committed 3712K, reserved 1048576K
}

